Cloning into 'feasstv0.19.0'...
~/dorms/software/feasstv0.19.0 ~/dorms/software
Note: switching to 'v0.19.0'.

You are in 'detached HEAD' state. You can look around, make experimental
changes and commit them, and you can discard any commits you make in this
state without impacting any branches by switching back to a branch.

If you want to create a new branch to retain commits you create, you may
do so (now or later) by using -c with the switch command. Example:

  git switch -c <new-branch-name>

Or undo this operation with:

  git switch -

Turn off this advice by setting config variable advice.detachedHead to false

HEAD is now at 9f145a7c Updated documentation.
~/dorms/software/feasstv0.19.0/build ~/dorms/software/feasstv0.19.0 ~/dorms/software
-- The C compiler identification is GNU 8.5.0
-- The CXX compiler identification is GNU 8.5.0
-- Detecting C compiler ABI info
-- Detecting C compiler ABI info - done
-- Check for working C compiler: /usr/bin/cc - skipped
-- Detecting C compile features
-- Detecting C compile features - done
-- Detecting CXX compiler ABI info
-- Detecting CXX compiler ABI info - done
-- Check for working CXX compiler: /usr/bin/c++ - skipped
-- Detecting CXX compile features
-- Detecting CXX compile features - done
threads utils math configuration system opt_lj steppers monte_carlo models mayer patch example shape confinement chain flat_histogram charge morph cluster prefetch egce beta_expanded
-- Found OpenMP_C: -fopenmp (found version "4.5") 
-- Found OpenMP_CXX: -fopenmp (found version "4.5") 
-- Found OpenMP: TRUE (found version "4.5")  
feasstthreads
feasstutils
feasstmath
feasstconfiguration
feasstsystem
feasstopt_lj
feasststeppers
feasstmonte_carlo
feasstmodels
feasstmayer
feasstpatch
feasstexample
feasstshape
feasstconfinement
feasstchain
feasstflat_histogram
feasstcharge
feasstmorph
feasstcluster
feasstprefetch
feasstegce
feasstbeta_expanded
-- Configuring done
-- Generating done
-- Build files have been written to: /home/hwh/dorms/software/feasstv0.19.0/build
[  1%] Building CXX object CMakeFiles/feasstthreads.dir/plugin/threads/src/thread.cpp.o
[  1%] Building CXX object CMakeFiles/feasstthreads.dir/plugin/threads/src/thread_omp.cpp.o
[  1%] Linking CXX shared library libfeasstthreads.so
[  1%] Built target feasstthreads
[  2%] Building CXX object CMakeFiles/feasstutils.dir/plugin/utils/src/argument_parse.cpp.o
[  2%] Building CXX object CMakeFiles/feasstutils.dir/plugin/utils/src/arguments.cpp.o
[  2%] Building CXX object CMakeFiles/feasstutils.dir/plugin/utils/src/custom_exception.cpp.o
[  3%] Building CXX object CMakeFiles/feasstutils.dir/plugin/utils/src/timer.cpp.o
[  3%] Building CXX object CMakeFiles/feasstutils.dir/plugin/utils/src/cache.cpp.o
[  3%] Building CXX object CMakeFiles/feasstutils.dir/plugin/utils/src/progress_report.cpp.o
[  3%] Building CXX object CMakeFiles/feasstutils.dir/plugin/utils/src/io.cpp.o
[  3%] Building CXX object CMakeFiles/feasstutils.dir/plugin/utils/src/debug.cpp.o
[  5%] Building CXX object CMakeFiles/feasstutils.dir/plugin/utils/src/serialize.cpp.o
[  5%] Building CXX object CMakeFiles/feasstutils.dir/plugin/utils/src/checkpoint.cpp.o
[  5%] Building CXX object CMakeFiles/feasstutils.dir/plugin/utils/src/file.cpp.o
[  5%] Linking CXX shared library libfeasstutils.so
[  5%] Built target feasstutils
[  6%] Building CXX object CMakeFiles/feasstmath.dir/plugin/math/src/formula_polynomial.cpp.o
[  6%] Building CXX object CMakeFiles/feasstmath.dir/plugin/math/src/position.cpp.o
[  6%] Building CXX object CMakeFiles/feasstmath.dir/plugin/math/src/histogram.cpp.o
[  6%] Building CXX object CMakeFiles/feasstmath.dir/plugin/math/src/formula_exponential.cpp.o
[  9%] Building CXX object CMakeFiles/feasstmath.dir/plugin/math/src/formula.cpp.o
[  6%] Building CXX object CMakeFiles/feasstmath.dir/plugin/math/src/matrix.cpp.o
[  6%] Building CXX object CMakeFiles/feasstmath.dir/plugin/math/src/random.cpp.o
[  9%] Building CXX object CMakeFiles/feasstmath.dir/plugin/math/src/minimize.cpp.o
[  6%] Building CXX object CMakeFiles/feasstmath.dir/plugin/math/src/accumulator.cpp.o
[  9%] Building CXX object CMakeFiles/feasstmath.dir/plugin/math/src/golden_search.cpp.o
[  9%] Building CXX object CMakeFiles/feasstmath.dir/plugin/math/src/random_modulo.cpp.o
[  6%] Building CXX object CMakeFiles/feasstmath.dir/plugin/math/src/random_mt19937.cpp.o
[  9%] Building CXX object CMakeFiles/feasstmath.dir/plugin/math/src/solver.cpp.o
[ 10%] Building CXX object CMakeFiles/feasstmath.dir/plugin/math/src/solver_bisection.cpp.o
[ 10%] Building CXX object CMakeFiles/feasstmath.dir/plugin/math/src/solver_brent_dekker.cpp.o
[ 10%] Building CXX object CMakeFiles/feasstmath.dir/plugin/math/src/solver_newton_raphson.cpp.o
[ 11%] Building CXX object CMakeFiles/feasstmath.dir/plugin/math/src/table.cpp.o
[ 11%] Building CXX object CMakeFiles/feasstmath.dir/plugin/math/src/utils_math.cpp.o
[ 11%] Linking CXX shared library libfeasstmath.so
[ 11%] Built target feasstmath
[ 11%] Building CXX object CMakeFiles/feasstconfiguration.dir/plugin/configuration/src/file_lmp.cpp.o
[ 11%] Building CXX object CMakeFiles/feasstconfiguration.dir/plugin/configuration/src/bond.cpp.o
[ 12%] Building CXX object CMakeFiles/feasstshape.dir/plugin/shape/src/finite_cylinder.cpp.o
[ 13%] Building CXX object CMakeFiles/feasstconfiguration.dir/plugin/configuration/src/file_xyz.cpp.o
[ 13%] Building CXX object CMakeFiles/feasstshape.dir/plugin/shape/src/cylinder.cpp.o
[ 13%] Building CXX object CMakeFiles/feasstshape.dir/plugin/shape/src/cuboid.cpp.o
[ 14%] Building CXX object CMakeFiles/feasstconfiguration.dir/plugin/configuration/src/configuration.cpp.o
[ 14%] Building CXX object CMakeFiles/feasstconfiguration.dir/plugin/configuration/src/domain.cpp.o
[ 14%] Building CXX object CMakeFiles/feasstconfiguration.dir/plugin/configuration/src/group.cpp.o
[ 14%] Building CXX object CMakeFiles/feasstshape.dir/plugin/shape/src/half_space.cpp.o
[ 14%] Building CXX object CMakeFiles/feasstconfiguration.dir/plugin/configuration/src/model_params.cpp.o
[ 14%] Building CXX object CMakeFiles/feasstshape.dir/plugin/shape/src/formula_sine_wave.cpp.o
[ 15%] Building CXX object CMakeFiles/feasstshape.dir/plugin/shape/src/half_space_sine.cpp.o
[ 16%] Building CXX object CMakeFiles/feasstconfiguration.dir/plugin/configuration/src/particle.cpp.o
[ 16%] Building CXX object CMakeFiles/feasstshape.dir/plugin/shape/src/half_space_tilted.cpp.o
[ 16%] Building CXX object CMakeFiles/feasstconfiguration.dir/plugin/configuration/src/particle_factory.cpp.o
[ 16%] Building CXX object CMakeFiles/feasstshape.dir/plugin/shape/src/shape.cpp.o
[ 16%] Building CXX object CMakeFiles/feasstconfiguration.dir/plugin/configuration/src/physical_constants.cpp.o
[ 17%] Building CXX object CMakeFiles/feasstshape.dir/plugin/shape/src/shape_intersect.cpp.o
[ 18%] Building CXX object CMakeFiles/feasstconfiguration.dir/plugin/configuration/src/properties.cpp.o
[ 18%] Building CXX object CMakeFiles/feasstconfiguration.dir/plugin/configuration/src/select.cpp.o
[ 18%] Building CXX object CMakeFiles/feasstconfiguration.dir/plugin/configuration/src/site.cpp.o
[ 18%] Building CXX object CMakeFiles/feasstshape.dir/plugin/shape/src/shape_union.cpp.o
[ 18%] Building CXX object CMakeFiles/feasstshape.dir/plugin/shape/src/slab.cpp.o
[ 19%] Building CXX object CMakeFiles/feasstshape.dir/plugin/shape/src/slab_sine.cpp.o
[ 19%] Building CXX object CMakeFiles/feasstshape.dir/plugin/shape/src/sphere.cpp.o
[ 20%] Building CXX object CMakeFiles/feasstconfiguration.dir/plugin/configuration/src/typed_entity.cpp.o
[ 20%] Building CXX object CMakeFiles/feasstconfiguration.dir/plugin/configuration/src/visit_configuration.cpp.o
[ 20%] Building CXX object CMakeFiles/feasstconfiguration.dir/plugin/configuration/src/visit_particles.cpp.o
[ 20%] Linking CXX shared library libfeasstshape.so
[ 20%] Built target feasstshape
[ 21%] Linking CXX shared library libfeasstconfiguration.so
[ 21%] Built target feasstconfiguration
[ 22%] Building CXX object CMakeFiles/feasstsystem.dir/plugin/system/src/bond_visitor.cpp.o
[ 22%] Building CXX object CMakeFiles/feasstsystem.dir/plugin/system/src/bond_two_body.cpp.o
[ 22%] Building CXX object CMakeFiles/feasstsystem.dir/plugin/system/src/cells.cpp.o
[ 23%] Building CXX object CMakeFiles/feasstsystem.dir/plugin/system/src/dont_visit_model.cpp.o
[ 23%] Building CXX object CMakeFiles/feasstsystem.dir/plugin/system/src/angle_square_well.cpp.o
[ 24%] Building CXX object CMakeFiles/feasstsystem.dir/plugin/system/src/bond_four_body.cpp.o
[ 24%] Building CXX object CMakeFiles/feasstsystem.dir/plugin/system/src/bond_square_well.cpp.o
[ 24%] Building CXX object CMakeFiles/feasstsystem.dir/plugin/system/src/bond_three_body.cpp.o
[ 24%] Building CXX object CMakeFiles/feasstsystem.dir/plugin/system/src/energy_map.cpp.o
[ 24%] Building CXX object CMakeFiles/feasstsystem.dir/plugin/system/src/hard_sphere.cpp.o
[ 25%] Building CXX object CMakeFiles/feasstsystem.dir/plugin/system/src/ideal_gas.cpp.o
[ 25%] Building CXX object CMakeFiles/feasstsystem.dir/plugin/system/src/lennard_jones.cpp.o
[ 25%] Building CXX object CMakeFiles/feasstsystem.dir/plugin/system/src/long_range_corrections.cpp.o
[ 26%] Building CXX object CMakeFiles/feasstsystem.dir/plugin/system/src/model.cpp.o
[ 26%] Building CXX object CMakeFiles/feasstsystem.dir/plugin/system/src/model_empty.cpp.o
[ 26%] Building CXX object CMakeFiles/feasstsystem.dir/plugin/system/src/model_one_body.cpp.o
[ 27%] Building CXX object CMakeFiles/feasstsystem.dir/plugin/system/src/model_two_body_factory.cpp.o
[ 27%] Building CXX object CMakeFiles/feasstsystem.dir/plugin/system/src/model_two_body_table.cpp.o
[ 27%] Building CXX object CMakeFiles/feasstsystem.dir/plugin/system/src/neighbor_criteria.cpp.o
[ 28%] Building CXX object CMakeFiles/feasstsystem.dir/plugin/system/src/potential.cpp.o
[ 28%] Building CXX object CMakeFiles/feasstsystem.dir/plugin/system/src/potential_factory.cpp.o
[ 28%] Building CXX object CMakeFiles/feasstsystem.dir/plugin/system/src/rigid_angle.cpp.o
[ 29%] Building CXX object CMakeFiles/feasstsystem.dir/plugin/system/src/rigid_bond.cpp.o
[ 29%] Building CXX object CMakeFiles/feasstsystem.dir/plugin/system/src/rigid_dihedral.cpp.o
[ 29%] Building CXX object CMakeFiles/feasstsystem.dir/plugin/system/src/synchronize_data.cpp.o
[ 30%] Building CXX object CMakeFiles/feasstsystem.dir/plugin/system/src/system.cpp.o
[ 30%] Building CXX object CMakeFiles/feasstsystem.dir/plugin/system/src/thermo_params.cpp.o
[ 30%] Building CXX object CMakeFiles/feasstsystem.dir/plugin/system/src/visit_model.cpp.o
[ 31%] Building CXX object CMakeFiles/feasstsystem.dir/plugin/system/src/visit_model_bond.cpp.o
[ 31%] Building CXX object CMakeFiles/feasstsystem.dir/plugin/system/src/visit_model_cell.cpp.o
[ 31%] Building CXX object CMakeFiles/feasstsystem.dir/plugin/system/src/visit_model_inner.cpp.o
[ 32%] Building CXX object CMakeFiles/feasstsystem.dir/plugin/system/src/visit_model_intra.cpp.o
[ 32%] Building CXX object CMakeFiles/feasstsystem.dir/plugin/system/src/visit_model_intra_map.cpp.o
[ 32%] Linking CXX shared library libfeasstsystem.so
[ 32%] Built target feasstsystem
[ 34%] Building CXX object CMakeFiles/feasstexample.dir/plugin/example/src/model_example.cpp.o
[ 34%] Building CXX object CMakeFiles/feasstmodels.dir/plugin/models/src/bond_harmonic.cpp.o
[ 34%] Building CXX object CMakeFiles/feasstmodels.dir/plugin/models/src/dihedral_harmonic.cpp.o
[ 34%] Building CXX object CMakeFiles/feasstmodels.dir/plugin/models/src/angle_harmonic.cpp.o
[ 34%] Building CXX object CMakeFiles/feasstopt_lj.dir/plugin/opt_lj/src/visit_model_opt_lj.cpp.o
[ 34%] Building CXX object CMakeFiles/feasstopt_lj.dir/plugin/opt_lj/src/visit_model_opt_rpm.cpp.o
[ 34%] Building CXX object CMakeFiles/feasstmodels.dir/plugin/models/src/dihedral_trappe.cpp.o
[ 35%] Building CXX object CMakeFiles/feasstmodels.dir/plugin/models/src/fene.cpp.o
[ 36%] Building CXX object CMakeFiles/feasstmodels.dir/plugin/models/src/lennard_jones_force_shift.cpp.o
[ 36%] Building CXX object CMakeFiles/feasstmodels.dir/plugin/models/src/lennard_jones_alpha.cpp.o
[ 36%] Building CXX object CMakeFiles/feasstmodels.dir/plugin/models/src/lennard_jones_cut_shift.cpp.o
[ 36%] Building CXX object CMakeFiles/feasstmonte_carlo.dir/plugin/monte_carlo/src/acceptance.cpp.o
[ 37%] Building CXX object CMakeFiles/feasstmonte_carlo.dir/plugin/monte_carlo/src/action.cpp.o
[ 37%] Building CXX object CMakeFiles/feasstmodels.dir/plugin/models/src/mie.cpp.o
[ 37%] Building CXX object CMakeFiles/feasstmonte_carlo.dir/plugin/monte_carlo/src/analyze.cpp.o
[ 37%] Building CXX object CMakeFiles/feasstmonte_carlo.dir/plugin/monte_carlo/src/analyze_factory.cpp.o
[ 37%] Building CXX object CMakeFiles/feasstmodels.dir/plugin/models/src/square_well.cpp.o
[ 38%] Building CXX object CMakeFiles/feasstmodels.dir/plugin/models/src/yukawa.cpp.o
[ 38%] Linking CXX shared library libfeasstexample.so
[ 38%] Built target feasstexample
[ 39%] Building CXX object CMakeFiles/feasstmonte_carlo.dir/plugin/monte_carlo/src/constrain_num_particles.cpp.o
[ 39%] Building CXX object CMakeFiles/feasstmonte_carlo.dir/plugin/monte_carlo/src/constraint.cpp.o
[ 39%] Building CXX object CMakeFiles/feasstmonte_carlo.dir/plugin/monte_carlo/src/criteria.cpp.o
[ 40%] Building CXX object CMakeFiles/feasstmonte_carlo.dir/plugin/monte_carlo/src/metropolis.cpp.o
[ 40%] Building CXX object CMakeFiles/feasstmonte_carlo.dir/plugin/monte_carlo/src/modify.cpp.o
[ 40%] Linking CXX shared library libfeasstopt_lj.so
[ 40%] Built target feasstopt_lj
[ 40%] Building CXX object CMakeFiles/feasstmonte_carlo.dir/plugin/monte_carlo/src/modify_factory.cpp.o
[ 41%] Building CXX object CMakeFiles/feasstmonte_carlo.dir/plugin/monte_carlo/src/monte_carlo.cpp.o
[ 41%] Building CXX object CMakeFiles/feasstmonte_carlo.dir/plugin/monte_carlo/src/perturb.cpp.o
[ 41%] Building CXX object CMakeFiles/feasstmonte_carlo.dir/plugin/monte_carlo/src/perturb_add.cpp.o
[ 41%] Linking CXX shared library libfeasstmodels.so
[ 41%] Built target feasstmodels
[ 42%] Building CXX object CMakeFiles/feasstmonte_carlo.dir/plugin/monte_carlo/src/perturb_anywhere.cpp.o
[ 42%] Building CXX object CMakeFiles/feasstmonte_carlo.dir/plugin/monte_carlo/src/perturb_dihedral.cpp.o
[ 42%] Building CXX object CMakeFiles/feasstmonte_carlo.dir/plugin/monte_carlo/src/perturb_distance.cpp.o
[ 43%] Building CXX object CMakeFiles/feasstmonte_carlo.dir/plugin/monte_carlo/src/perturb_distance_angle.cpp.o
[ 43%] Building CXX object CMakeFiles/feasstmonte_carlo.dir/plugin/monte_carlo/src/perturb_move.cpp.o
[ 43%] Building CXX object CMakeFiles/feasstmonte_carlo.dir/plugin/monte_carlo/src/perturb_remove.cpp.o
[ 44%] Building CXX object CMakeFiles/feasstmonte_carlo.dir/plugin/monte_carlo/src/perturb_rotate.cpp.o
[ 44%] Building CXX object CMakeFiles/feasstmonte_carlo.dir/plugin/monte_carlo/src/perturb_to_anchor.cpp.o
[ 44%] Building CXX object CMakeFiles/feasstmonte_carlo.dir/plugin/monte_carlo/src/perturb_translate.cpp.o
[ 45%] Building CXX object CMakeFiles/feasstmonte_carlo.dir/plugin/monte_carlo/src/perturb_volume.cpp.o
[ 45%] Building CXX object CMakeFiles/feasstmonte_carlo.dir/plugin/monte_carlo/src/rosenbluth.cpp.o
[ 45%] Building CXX object CMakeFiles/feasstmonte_carlo.dir/plugin/monte_carlo/src/run.cpp.o
[ 46%] Building CXX object CMakeFiles/feasstmonte_carlo.dir/plugin/monte_carlo/src/seek_num_particles.cpp.o
[ 46%] Building CXX object CMakeFiles/feasstmonte_carlo.dir/plugin/monte_carlo/src/stepper.cpp.o
[ 46%] Building CXX object CMakeFiles/feasstmonte_carlo.dir/plugin/monte_carlo/src/trial.cpp.o
[ 47%] Building CXX object CMakeFiles/feasstmonte_carlo.dir/plugin/monte_carlo/src/trial_add.cpp.o
[ 47%] Building CXX object CMakeFiles/feasstmonte_carlo.dir/plugin/monte_carlo/src/trial_compute.cpp.o
[ 47%] Building CXX object CMakeFiles/feasstmonte_carlo.dir/plugin/monte_carlo/src/trial_compute_add.cpp.o
[ 48%] Building CXX object CMakeFiles/feasstmonte_carlo.dir/plugin/monte_carlo/src/trial_compute_move.cpp.o
[ 48%] Building CXX object CMakeFiles/feasstmonte_carlo.dir/plugin/monte_carlo/src/trial_compute_remove.cpp.o
[ 48%] Building CXX object CMakeFiles/feasstmonte_carlo.dir/plugin/monte_carlo/src/trial_compute_translate.cpp.o
[ 49%] Building CXX object CMakeFiles/feasstmonte_carlo.dir/plugin/monte_carlo/src/trial_compute_volume.cpp.o
[ 49%] Building CXX object CMakeFiles/feasstmonte_carlo.dir/plugin/monte_carlo/src/trial_factory.cpp.o
[ 49%] Building CXX object CMakeFiles/feasstmonte_carlo.dir/plugin/monte_carlo/src/trial_move.cpp.o
[ 50%] Building CXX object CMakeFiles/feasstmonte_carlo.dir/plugin/monte_carlo/src/trial_remove.cpp.o
[ 50%] Building CXX object CMakeFiles/feasstmonte_carlo.dir/plugin/monte_carlo/src/trial_rotate.cpp.o
[ 50%] Building CXX object CMakeFiles/feasstmonte_carlo.dir/plugin/monte_carlo/src/trial_select.cpp.o
[ 51%] Building CXX object CMakeFiles/feasstmonte_carlo.dir/plugin/monte_carlo/src/trial_select_angle.cpp.o
[ 51%] Building CXX object CMakeFiles/feasstmonte_carlo.dir/plugin/monte_carlo/src/trial_select_bond.cpp.o
[ 51%] Building CXX object CMakeFiles/feasstmonte_carlo.dir/plugin/monte_carlo/src/trial_select_dihedral.cpp.o
[ 52%] Building CXX object CMakeFiles/feasstmonte_carlo.dir/plugin/monte_carlo/src/trial_select_particle.cpp.o
[ 52%] Building CXX object CMakeFiles/feasstmonte_carlo.dir/plugin/monte_carlo/src/trial_stage.cpp.o
[ 52%] Building CXX object CMakeFiles/feasstmonte_carlo.dir/plugin/monte_carlo/src/trial_transfer.cpp.o
[ 53%] Building CXX object CMakeFiles/feasstmonte_carlo.dir/plugin/monte_carlo/src/trial_translate.cpp.o
[ 53%] Building CXX object CMakeFiles/feasstmonte_carlo.dir/plugin/monte_carlo/src/trial_volume.cpp.o
[ 53%] Building CXX object CMakeFiles/feasstmonte_carlo.dir/plugin/monte_carlo/src/tunable.cpp.o
[ 54%] Linking CXX shared library libfeasstmonte_carlo.so
[ 54%] Built target feasstmonte_carlo
[ 54%] Building CXX object CMakeFiles/feasstprefetch.dir/plugin/prefetch/src/prefetch.cpp.o
[ 54%] Building CXX object CMakeFiles/feasstcharge.dir/plugin/charge/src/charge_screened_intra.cpp.o
[ 54%] Building CXX object CMakeFiles/feasstconfinement.dir/plugin/confinement/src/model_lj_shape.cpp.o
[ 54%] Building CXX object CMakeFiles/feasstconfinement.dir/plugin/confinement/src/background.cpp.o
[ 55%] Building CXX object CMakeFiles/feasstmayer.dir/plugin/mayer/src/mayer_sampling.cpp.o
[ 55%] Building CXX object CMakeFiles/feasstconfinement.dir/plugin/confinement/src/always_reject.cpp.o
[ 55%] Building CXX object CMakeFiles/feasstcharge.dir/plugin/charge/src/charge_screened.cpp.o
[ 56%] Building CXX object CMakeFiles/feasstconfinement.dir/plugin/confinement/src/model_hard_shape.cpp.o
[ 56%] Building CXX object CMakeFiles/feasstconfinement.dir/plugin/confinement/src/henry_coefficient.cpp.o
[ 57%] Building CXX object CMakeFiles/feasstcharge.dir/plugin/charge/src/charge_self.cpp.o
[ 58%] Building CXX object CMakeFiles/feasststeppers.dir/plugin/steppers/src/check.cpp.o
[ 58%] Building CXX object CMakeFiles/feasstcluster.dir/plugin/cluster/src/compute_add_avb.cpp.o
[ 58%] Building CXX object CMakeFiles/feasstcluster.dir/plugin/cluster/src/compute_add_avb_divalent.cpp.o
[ 59%] Building CXX object CMakeFiles/feasstcluster.dir/plugin/cluster/src/compute_avb2.cpp.o
[ 60%] Building CXX object CMakeFiles/feasstconfinement.dir/plugin/confinement/src/model_square_well_shape.cpp.o
[ 60%] Building CXX object CMakeFiles/feasststeppers.dir/plugin/steppers/src/check_energy.cpp.o
[ 60%] Building CXX object CMakeFiles/feasststeppers.dir/plugin/steppers/src/check_energy_and_tune.cpp.o
[ 61%] Building CXX object CMakeFiles/feasststeppers.dir/plugin/steppers/src/check_physicality.cpp.o
[ 61%] Building CXX object CMakeFiles/feasststeppers.dir/plugin/steppers/src/check_properties.cpp.o
[ 61%] Building CXX object CMakeFiles/feasststeppers.dir/plugin/steppers/src/chirality_2d.cpp.o
[ 61%] Building CXX object CMakeFiles/feasstcharge.dir/plugin/charge/src/check_net_charge.cpp.o
[ 62%] Building CXX object CMakeFiles/feasststeppers.dir/plugin/steppers/src/cpu_time.cpp.o
[ 62%] Linking CXX shared library libfeasstmayer.so
[ 62%] Building CXX object CMakeFiles/feasststeppers.dir/plugin/steppers/src/criteria_updater.cpp.o
[ 62%] Built target feasstmayer
[ 62%] Building CXX object CMakeFiles/feasstcharge.dir/plugin/charge/src/compute_add_multiple.cpp.o
[ 62%] Building CXX object CMakeFiles/feasstconfinement.dir/plugin/confinement/src/model_table_cartesian.cpp.o
[ 62%] Building CXX object CMakeFiles/feasstcluster.dir/plugin/cluster/src/compute_avb4.cpp.o
[ 62%] Building CXX object CMakeFiles/feasstcluster.dir/plugin/cluster/src/compute_gca.cpp.o
[ 63%] Building CXX object CMakeFiles/feasstcluster.dir/plugin/cluster/src/compute_move_cluster.cpp.o
[ 63%] Building CXX object CMakeFiles/feasststeppers.dir/plugin/steppers/src/criteria_writer.cpp.o
[ 63%] Building CXX object CMakeFiles/feasstcluster.dir/plugin/cluster/src/compute_remove_avb.cpp.o
[ 64%] Building CXX object CMakeFiles/feasststeppers.dir/plugin/steppers/src/density_profile.cpp.o
[ 64%] Building CXX object CMakeFiles/feasstcluster.dir/plugin/cluster/src/compute_remove_avb_divalent.cpp.o
[ 65%] Building CXX object CMakeFiles/feasstcluster.dir/plugin/cluster/src/energy_map_all.cpp.o
[ 66%] Building CXX object CMakeFiles/feasstcharge.dir/plugin/charge/src/compute_remove_multiple.cpp.o
[ 66%] Building CXX object CMakeFiles/feasstcharge.dir/plugin/charge/src/coulomb.cpp.o
[ 66%] Building CXX object CMakeFiles/feasstcharge.dir/plugin/charge/src/electric_field.cpp.o
[ 66%] Building CXX object CMakeFiles/feasstcluster.dir/plugin/cluster/src/energy_map_all_criteria.cpp.o
[ 67%] Building CXX object CMakeFiles/feasstcharge.dir/plugin/charge/src/ewald.cpp.o
[ 67%] Building CXX object CMakeFiles/feasstcharge.dir/plugin/charge/src/slab_correction.cpp.o
[ 67%] Building CXX object CMakeFiles/feasstcluster.dir/plugin/cluster/src/energy_map_neighbor.cpp.o
[ 68%] Building CXX object CMakeFiles/feasstpatch.dir/plugin/patch/src/file_xyz_patch.cpp.o
[ 68%] Building CXX object CMakeFiles/feasstpatch.dir/plugin/patch/src/movie_patch.cpp.o
[ 69%] Linking CXX shared library libfeasstprefetch.so
[ 69%] Built target feasstprefetch
[ 69%] Building CXX object CMakeFiles/feasstpatch.dir/plugin/patch/src/patch_angle.cpp.o
[ 70%] Building CXX object CMakeFiles/feasstpatch.dir/plugin/patch/src/visit_model_inner_patch.cpp.o
[ 70%] Building CXX object CMakeFiles/feasststeppers.dir/plugin/steppers/src/energy.cpp.o
[ 70%] Building CXX object CMakeFiles/feasststeppers.dir/plugin/steppers/src/extensive_moments.cpp.o
[ 70%] Building CXX object CMakeFiles/feasstcharge.dir/plugin/charge/src/trial_add_multiple.cpp.o
[ 71%] Building CXX object CMakeFiles/feasstcharge.dir/plugin/charge/src/trial_remove_multiple.cpp.o
[ 71%] Linking CXX shared library libfeasstconfinement.so
[ 71%] Building CXX object CMakeFiles/feasstcharge.dir/plugin/charge/src/trial_transfer_multiple.cpp.o
[ 72%] Building CXX object CMakeFiles/feasststeppers.dir/plugin/steppers/src/increment_phase.cpp.o
[ 72%] Built target feasstconfinement
[ 72%] Building CXX object CMakeFiles/feasststeppers.dir/plugin/steppers/src/log.cpp.o
[ 72%] Building CXX object CMakeFiles/feasststeppers.dir/plugin/steppers/src/log_and_movie.cpp.o
[ 73%] Building CXX object CMakeFiles/feasststeppers.dir/plugin/steppers/src/mean_squared_displacement.cpp.o
[ 74%] Building CXX object CMakeFiles/feasstcluster.dir/plugin/cluster/src/energy_map_neighbor_criteria.cpp.o
[ 74%] Linking CXX shared library libfeasstpatch.so
[ 74%] Built target feasstpatch
[ 74%] Building CXX object CMakeFiles/feasstcluster.dir/plugin/cluster/src/perturb_add_avb.cpp.o
[ 74%] Building CXX object CMakeFiles/feasstcluster.dir/plugin/cluster/src/perturb_move_avb.cpp.o
[ 74%] Building CXX object CMakeFiles/feasstcharge.dir/plugin/charge/src/utils.cpp.o
[ 74%] Building CXX object CMakeFiles/feasststeppers.dir/plugin/steppers/src/movie.cpp.o
[ 74%] Building CXX object CMakeFiles/feasststeppers.dir/plugin/steppers/src/num_particles.cpp.o
[ 75%] Building CXX object CMakeFiles/feasstcluster.dir/plugin/cluster/src/perturb_point_reflect.cpp.o
[ 75%] Building CXX object CMakeFiles/feasstcluster.dir/plugin/cluster/src/perturb_rotate_com.cpp.o
[ 76%] Building CXX object CMakeFiles/feasststeppers.dir/plugin/steppers/src/pair_distribution.cpp.o
[ 76%] Building CXX object CMakeFiles/feasststeppers.dir/plugin/steppers/src/profile_trials.cpp.o
[ 76%] Building CXX object CMakeFiles/feasstcluster.dir/plugin/cluster/src/select_cluster.cpp.o
[ 76%] Building CXX object CMakeFiles/feasststeppers.dir/plugin/steppers/src/seek_analyze.cpp.o
[ 77%] Building CXX object CMakeFiles/feasststeppers.dir/plugin/steppers/src/seek_modify.cpp.o
[ 78%] Building CXX object CMakeFiles/feasstcluster.dir/plugin/cluster/src/select_particle_avb.cpp.o
[ 78%] Building CXX object CMakeFiles/feasstcluster.dir/plugin/cluster/src/select_particle_avb_divalent.cpp.o
[ 78%] Building CXX object CMakeFiles/feasstcluster.dir/plugin/cluster/src/trial_avb2.cpp.o
[ 79%] Linking CXX shared library libfeasstcharge.so
[ 80%] Building CXX object CMakeFiles/feasstcluster.dir/plugin/cluster/src/trial_avb4.cpp.o
[ 80%] Building CXX object CMakeFiles/feasststeppers.dir/plugin/steppers/src/tune.cpp.o
[ 80%] Building CXX object CMakeFiles/feasstcluster.dir/plugin/cluster/src/trial_rigid_cluster.cpp.o
[ 80%] Built target feasstcharge
[ 80%] Building CXX object CMakeFiles/feasstcluster.dir/plugin/cluster/src/trial_transfer_avb.cpp.o
[ 81%] Building CXX object CMakeFiles/feasstcluster.dir/plugin/cluster/src/trial_transfer_avb_divalent.cpp.o
[ 81%] Building CXX object CMakeFiles/feasststeppers.dir/plugin/steppers/src/volume.cpp.o
[ 82%] Building CXX object CMakeFiles/feasststeppers.dir/plugin/steppers/src/wall_clock_limit.cpp.o
[ 82%] Linking CXX shared library libfeasststeppers.so
[ 82%] Built target feasststeppers
[ 82%] Building CXX object CMakeFiles/feasstflat_histogram.dir/plugin/flat_histogram/src/ensemble.cpp.o
[ 84%] Building CXX object CMakeFiles/feasstflat_histogram.dir/plugin/flat_histogram/src/collection_matrix.cpp.o
[ 84%] Building CXX object CMakeFiles/feasstflat_histogram.dir/plugin/flat_histogram/src/bias.cpp.o
[ 84%] Building CXX object CMakeFiles/feasstflat_histogram.dir/plugin/flat_histogram/src/clones.cpp.o
[ 84%] Building CXX object CMakeFiles/feasstflat_histogram.dir/plugin/flat_histogram/src/flat_histogram.cpp.o
[ 84%] Building CXX object CMakeFiles/feasstflat_histogram.dir/plugin/flat_histogram/src/ln_probability.cpp.o
[ 84%] Building CXX object CMakeFiles/feasstflat_histogram.dir/plugin/flat_histogram/src/macrostate.cpp.o
[ 84%] Building CXX object CMakeFiles/feasstflat_histogram.dir/plugin/flat_histogram/src/macrostate_energy.cpp.o
[ 85%] Building CXX object CMakeFiles/feasstflat_histogram.dir/plugin/flat_histogram/src/macrostate_num_particles.cpp.o
[ 85%] Building CXX object CMakeFiles/feasstflat_histogram.dir/plugin/flat_histogram/src/transition_matrix.cpp.o
[ 85%] Building CXX object CMakeFiles/feasstflat_histogram.dir/plugin/flat_histogram/src/wang_landau.cpp.o
[ 86%] Building CXX object CMakeFiles/feasstflat_histogram.dir/plugin/flat_histogram/src/window.cpp.o
[ 86%] Linking CXX shared library libfeasstcluster.so
[ 86%] Building CXX object CMakeFiles/feasstflat_histogram.dir/plugin/flat_histogram/src/window_custom.cpp.o
[ 86%] Built target feasstcluster
[ 86%] Building CXX object CMakeFiles/feasstflat_histogram.dir/plugin/flat_histogram/src/window_exponential.cpp.o
[ 88%] Building CXX object CMakeFiles/feasstchain.dir/plugin/chain/src/analyze_bonds.cpp.o
[ 88%] Building CXX object CMakeFiles/feasstflat_histogram.dir/plugin/flat_histogram/src/wltm.cpp.o
[ 88%] Building CXX object CMakeFiles/feasstchain.dir/plugin/chain/src/perturb_branch.cpp.o
[ 88%] Building CXX object CMakeFiles/feasstchain.dir/plugin/chain/src/perturb_crankshaft.cpp.o
[ 89%] Building CXX object CMakeFiles/feasstchain.dir/plugin/chain/src/perturb_pivot.cpp.o
[ 89%] Building CXX object CMakeFiles/feasstchain.dir/plugin/chain/src/perturb_reptate.cpp.o
[ 89%] Building CXX object CMakeFiles/feasstchain.dir/plugin/chain/src/perturb_site_type.cpp.o
[ 90%] Building CXX object CMakeFiles/feasstchain.dir/plugin/chain/src/select_branch.cpp.o
[ 90%] Building CXX object CMakeFiles/feasstchain.dir/plugin/chain/src/select_end_segment.cpp.o
[ 90%] Building CXX object CMakeFiles/feasstchain.dir/plugin/chain/src/select_perturbed.cpp.o
[ 91%] Building CXX object CMakeFiles/feasstchain.dir/plugin/chain/src/select_reptate.cpp.o
[ 91%] Building CXX object CMakeFiles/feasstchain.dir/plugin/chain/src/select_segment.cpp.o
[ 91%] Building CXX object CMakeFiles/feasstchain.dir/plugin/chain/src/select_site_of_type.cpp.o
[ 92%] Building CXX object CMakeFiles/feasstchain.dir/plugin/chain/src/trial_crankshaft.cpp.o
[ 92%] Building CXX object CMakeFiles/feasstchain.dir/plugin/chain/src/trial_grow.cpp.o
[ 92%] Building CXX object CMakeFiles/feasstchain.dir/plugin/chain/src/trial_grow_linear.cpp.o
[ 93%] Building CXX object CMakeFiles/feasstchain.dir/plugin/chain/src/trial_pivot.cpp.o
[ 93%] Building CXX object CMakeFiles/feasstchain.dir/plugin/chain/src/trial_reptate.cpp.o
[ 93%] Building CXX object CMakeFiles/feasstchain.dir/plugin/chain/src/trial_swap_sites.cpp.o
[ 93%] Linking CXX shared library libfeasstflat_histogram.so
[ 93%] Built target feasstflat_histogram
[ 93%] Building CXX object CMakeFiles/feasstbeta_expanded.dir/plugin/beta_expanded/src/compute_beta.cpp.o
[ 94%] Building CXX object CMakeFiles/feasstegce.dir/plugin/egce/src/a_equal_b.cpp.o
[ 94%] Building CXX object CMakeFiles/feasstegce.dir/plugin/egce/src/a_half_b.cpp.o
[ 94%] Building CXX object CMakeFiles/feasstbeta_expanded.dir/plugin/beta_expanded/src/macrostate_beta.cpp.o
[ 94%] Building CXX object CMakeFiles/feasstbeta_expanded.dir/plugin/beta_expanded/src/perturb_beta.cpp.o
[ 95%] Building CXX object CMakeFiles/feasstbeta_expanded.dir/plugin/beta_expanded/src/select_nothing.cpp.o
[ 95%] Building CXX object CMakeFiles/feasstbeta_expanded.dir/plugin/beta_expanded/src/trial_beta.cpp.o
[ 95%] Linking CXX shared library libfeasstegce.so
[ 95%] Built target feasstegce
[ 96%] Linking CXX shared library libfeasstchain.so
[ 96%] Linking CXX shared library libfeasstbeta_expanded.so
[ 96%] Built target feasstbeta_expanded
[ 96%] Built target feasstchain
[ 96%] Building CXX object CMakeFiles/feasstmorph.dir/plugin/morph/src/compute_morph.cpp.o
[ 97%] Building CXX object CMakeFiles/feasstmorph.dir/plugin/morph/src/perturb_particle_type.cpp.o
[ 97%] Building CXX object CMakeFiles/feasstmorph.dir/plugin/morph/src/macrostate_morph.cpp.o
[ 97%] Building CXX object CMakeFiles/feasstmorph.dir/plugin/morph/src/trial_morph.cpp.o
[ 97%] Building CXX object CMakeFiles/feasstmorph.dir/plugin/morph/src/trial_morph_expanded.cpp.o
[ 98%] Linking CXX shared library libfeasstmorph.so
[ 98%] Built target feasstmorph
[ 98%] Building CXX object CMakeFiles/rst.dir/plugin/feasst/src/restart.cpp.o
[ 99%] Building CXX object CMakeFiles/fst.dir/plugin/feasst/src/feasst.cpp.o
[ 99%] Linking CXX executable bin/fst
[ 99%] Built target fst
[100%] Linking CXX executable bin/rst
[100%] Built target rst
Install the project...
-- Install configuration: ""
-- Installing: /home/hwh/dorms/software/feasstv0.19.0/build/include/threads/include/thread.h
-- Installing: /home/hwh/dorms/software/feasstv0.19.0/build/include/threads/include/thread_omp.h
-- Installing: /home/hwh/dorms/software/feasstv0.19.0/build/include/utils/include/argument_parse.h
-- Installing: /home/hwh/dorms/software/feasstv0.19.0/build/include/utils/include/arguments.h
-- Installing: /home/hwh/dorms/software/feasstv0.19.0/build/include/utils/include/cache.h
-- Installing: /home/hwh/dorms/software/feasstv0.19.0/build/include/utils/include/checkpoint.h
-- Installing: /home/hwh/dorms/software/feasstv0.19.0/build/include/utils/include/custom_exception.h
-- Installing: /home/hwh/dorms/software/feasstv0.19.0/build/include/utils/include/debug.h
-- Installing: /home/hwh/dorms/software/feasstv0.19.0/build/include/utils/include/file.h
-- Installing: /home/hwh/dorms/software/feasstv0.19.0/build/include/utils/include/io.h
-- Installing: /home/hwh/dorms/software/feasstv0.19.0/build/include/utils/include/progress_report.h
-- Installing: /home/hwh/dorms/software/feasstv0.19.0/build/include/utils/include/serialize.h
-- Installing: /home/hwh/dorms/software/feasstv0.19.0/build/include/utils/include/timer.h
-- Installing: /home/hwh/dorms/software/feasstv0.19.0/build/include/utils/include/utils.h
-- Installing: /home/hwh/dorms/software/feasstv0.19.0/build/include/math/include/accumulator.h
-- Installing: /home/hwh/dorms/software/feasstv0.19.0/build/include/math/include/constants.h
-- Installing: /home/hwh/dorms/software/feasstv0.19.0/build/include/math/include/formula.h
-- Installing: /home/hwh/dorms/software/feasstv0.19.0/build/include/math/include/formula_exponential.h
-- Installing: /home/hwh/dorms/software/feasstv0.19.0/build/include/math/include/formula_polynomial.h
-- Installing: /home/hwh/dorms/software/feasstv0.19.0/build/include/math/include/golden_search.h
-- Installing: /home/hwh/dorms/software/feasstv0.19.0/build/include/math/include/histogram.h
-- Installing: /home/hwh/dorms/software/feasstv0.19.0/build/include/math/include/matrix.h
-- Installing: /home/hwh/dorms/software/feasstv0.19.0/build/include/math/include/minimize.h
-- Installing: /home/hwh/dorms/software/feasstv0.19.0/build/include/math/include/position.h
-- Installing: /home/hwh/dorms/software/feasstv0.19.0/build/include/math/include/quadratic_equation.h
-- Installing: /home/hwh/dorms/software/feasstv0.19.0/build/include/math/include/random.h
-- Installing: /home/hwh/dorms/software/feasstv0.19.0/build/include/math/include/random_modulo.h
-- Installing: /home/hwh/dorms/software/feasstv0.19.0/build/include/math/include/random_mt19937.h
-- Installing: /home/hwh/dorms/software/feasstv0.19.0/build/include/math/include/solver.h
-- Installing: /home/hwh/dorms/software/feasstv0.19.0/build/include/math/include/solver_bisection.h
-- Installing: /home/hwh/dorms/software/feasstv0.19.0/build/include/math/include/solver_brent_dekker.h
-- Installing: /home/hwh/dorms/software/feasstv0.19.0/build/include/math/include/solver_newton_raphson.h
-- Installing: /home/hwh/dorms/software/feasstv0.19.0/build/include/math/include/table.h
-- Installing: /home/hwh/dorms/software/feasstv0.19.0/build/include/math/include/utils_math.h
-- Installing: /home/hwh/dorms/software/feasstv0.19.0/build/include/configuration/include/bond.h
-- Installing: /home/hwh/dorms/software/feasstv0.19.0/build/include/configuration/include/configuration.h
-- Installing: /home/hwh/dorms/software/feasstv0.19.0/build/include/configuration/include/domain.h
-- Installing: /home/hwh/dorms/software/feasstv0.19.0/build/include/configuration/include/file_lmp.h
-- Installing: /home/hwh/dorms/software/feasstv0.19.0/build/include/configuration/include/file_xyz.h
-- Installing: /home/hwh/dorms/software/feasstv0.19.0/build/include/configuration/include/group.h
-- Installing: /home/hwh/dorms/software/feasstv0.19.0/build/include/configuration/include/model_params.h
-- Installing: /home/hwh/dorms/software/feasstv0.19.0/build/include/configuration/include/particle.h
-- Installing: /home/hwh/dorms/software/feasstv0.19.0/build/include/configuration/include/particle_factory.h
-- Installing: /home/hwh/dorms/software/feasstv0.19.0/build/include/configuration/include/physical_constants.h
-- Installing: /home/hwh/dorms/software/feasstv0.19.0/build/include/configuration/include/properties.h
-- Installing: /home/hwh/dorms/software/feasstv0.19.0/build/include/configuration/include/select.h
-- Installing: /home/hwh/dorms/software/feasstv0.19.0/build/include/configuration/include/site.h
-- Installing: /home/hwh/dorms/software/feasstv0.19.0/build/include/configuration/include/typed_entity.h
-- Installing: /home/hwh/dorms/software/feasstv0.19.0/build/include/configuration/include/visit_configuration.h
-- Installing: /home/hwh/dorms/software/feasstv0.19.0/build/include/configuration/include/visit_particles.h
-- Installing: /home/hwh/dorms/software/feasstv0.19.0/build/include/system/include/angle_square_well.h
-- Installing: /home/hwh/dorms/software/feasstv0.19.0/build/include/system/include/bond_four_body.h
-- Installing: /home/hwh/dorms/software/feasstv0.19.0/build/include/system/include/bond_square_well.h
-- Installing: /home/hwh/dorms/software/feasstv0.19.0/build/include/system/include/bond_three_body.h
-- Installing: /home/hwh/dorms/software/feasstv0.19.0/build/include/system/include/bond_two_body.h
-- Installing: /home/hwh/dorms/software/feasstv0.19.0/build/include/system/include/bond_visitor.h
-- Installing: /home/hwh/dorms/software/feasstv0.19.0/build/include/system/include/cells.h
-- Installing: /home/hwh/dorms/software/feasstv0.19.0/build/include/system/include/dont_visit_model.h
-- Installing: /home/hwh/dorms/software/feasstv0.19.0/build/include/system/include/energy_map.h
-- Installing: /home/hwh/dorms/software/feasstv0.19.0/build/include/system/include/hard_sphere.h
-- Installing: /home/hwh/dorms/software/feasstv0.19.0/build/include/system/include/ideal_gas.h
-- Installing: /home/hwh/dorms/software/feasstv0.19.0/build/include/system/include/lennard_jones.h
-- Installing: /home/hwh/dorms/software/feasstv0.19.0/build/include/system/include/long_range_corrections.h
-- Installing: /home/hwh/dorms/software/feasstv0.19.0/build/include/system/include/model.h
-- Installing: /home/hwh/dorms/software/feasstv0.19.0/build/include/system/include/model_empty.h
-- Installing: /home/hwh/dorms/software/feasstv0.19.0/build/include/system/include/model_one_body.h
-- Installing: /home/hwh/dorms/software/feasstv0.19.0/build/include/system/include/model_three_body.h
-- Installing: /home/hwh/dorms/software/feasstv0.19.0/build/include/system/include/model_two_body.h
-- Installing: /home/hwh/dorms/software/feasstv0.19.0/build/include/system/include/model_two_body_factory.h
-- Installing: /home/hwh/dorms/software/feasstv0.19.0/build/include/system/include/model_two_body_table.h
-- Installing: /home/hwh/dorms/software/feasstv0.19.0/build/include/system/include/neighbor_criteria.h
-- Installing: /home/hwh/dorms/software/feasstv0.19.0/build/include/system/include/potential.h
-- Installing: /home/hwh/dorms/software/feasstv0.19.0/build/include/system/include/potential_factory.h
-- Installing: /home/hwh/dorms/software/feasstv0.19.0/build/include/system/include/rigid_angle.h
-- Installing: /home/hwh/dorms/software/feasstv0.19.0/build/include/system/include/rigid_bond.h
-- Installing: /home/hwh/dorms/software/feasstv0.19.0/build/include/system/include/rigid_dihedral.h
-- Installing: /home/hwh/dorms/software/feasstv0.19.0/build/include/system/include/synchronize_data.h
-- Installing: /home/hwh/dorms/software/feasstv0.19.0/build/include/system/include/system.h
-- Installing: /home/hwh/dorms/software/feasstv0.19.0/build/include/system/include/thermo_params.h
-- Installing: /home/hwh/dorms/software/feasstv0.19.0/build/include/system/include/visit_model.h
-- Installing: /home/hwh/dorms/software/feasstv0.19.0/build/include/system/include/visit_model_bond.h
-- Installing: /home/hwh/dorms/software/feasstv0.19.0/build/include/system/include/visit_model_cell.h
-- Installing: /home/hwh/dorms/software/feasstv0.19.0/build/include/system/include/visit_model_inner.h
-- Installing: /home/hwh/dorms/software/feasstv0.19.0/build/include/system/include/visit_model_intra.h
-- Installing: /home/hwh/dorms/software/feasstv0.19.0/build/include/system/include/visit_model_intra_map.h
-- Installing: /home/hwh/dorms/software/feasstv0.19.0/build/include/opt_lj/include/visit_model_opt_lj.h
-- Installing: /home/hwh/dorms/software/feasstv0.19.0/build/include/opt_lj/include/visit_model_opt_rpm.h
-- Installing: /home/hwh/dorms/software/feasstv0.19.0/build/include/steppers/include/check.h
-- Installing: /home/hwh/dorms/software/feasstv0.19.0/build/include/steppers/include/check_energy.h
-- Installing: /home/hwh/dorms/software/feasstv0.19.0/build/include/steppers/include/check_energy_and_tune.h
-- Installing: /home/hwh/dorms/software/feasstv0.19.0/build/include/steppers/include/check_physicality.h
-- Installing: /home/hwh/dorms/software/feasstv0.19.0/build/include/steppers/include/check_properties.h
-- Installing: /home/hwh/dorms/software/feasstv0.19.0/build/include/steppers/include/chirality_2d.h
-- Installing: /home/hwh/dorms/software/feasstv0.19.0/build/include/steppers/include/cpu_time.h
-- Installing: /home/hwh/dorms/software/feasstv0.19.0/build/include/steppers/include/criteria_updater.h
-- Installing: /home/hwh/dorms/software/feasstv0.19.0/build/include/steppers/include/criteria_writer.h
-- Installing: /home/hwh/dorms/software/feasstv0.19.0/build/include/steppers/include/density_profile.h
-- Installing: /home/hwh/dorms/software/feasstv0.19.0/build/include/steppers/include/energy.h
-- Installing: /home/hwh/dorms/software/feasstv0.19.0/build/include/steppers/include/extensive_moments.h
-- Installing: /home/hwh/dorms/software/feasstv0.19.0/build/include/steppers/include/increment_phase.h
-- Installing: /home/hwh/dorms/software/feasstv0.19.0/build/include/steppers/include/log.h
-- Installing: /home/hwh/dorms/software/feasstv0.19.0/build/include/steppers/include/log_and_movie.h
-- Installing: /home/hwh/dorms/software/feasstv0.19.0/build/include/steppers/include/mean_squared_displacement.h
-- Installing: /home/hwh/dorms/software/feasstv0.19.0/build/include/steppers/include/movie.h
-- Installing: /home/hwh/dorms/software/feasstv0.19.0/build/include/steppers/include/num_particles.h
-- Installing: /home/hwh/dorms/software/feasstv0.19.0/build/include/steppers/include/pair_distribution.h
-- Installing: /home/hwh/dorms/software/feasstv0.19.0/build/include/steppers/include/profile_trials.h
-- Installing: /home/hwh/dorms/software/feasstv0.19.0/build/include/steppers/include/seek_analyze.h
-- Installing: /home/hwh/dorms/software/feasstv0.19.0/build/include/steppers/include/seek_modify.h
-- Installing: /home/hwh/dorms/software/feasstv0.19.0/build/include/steppers/include/tune.h
-- Installing: /home/hwh/dorms/software/feasstv0.19.0/build/include/steppers/include/volume.h
-- Installing: /home/hwh/dorms/software/feasstv0.19.0/build/include/steppers/include/wall_clock_limit.h
-- Installing: /home/hwh/dorms/software/feasstv0.19.0/build/include/monte_carlo/include/acceptance.h
-- Installing: /home/hwh/dorms/software/feasstv0.19.0/build/include/monte_carlo/include/action.h
-- Installing: /home/hwh/dorms/software/feasstv0.19.0/build/include/monte_carlo/include/analyze.h
-- Installing: /home/hwh/dorms/software/feasstv0.19.0/build/include/monte_carlo/include/analyze_factory.h
-- Installing: /home/hwh/dorms/software/feasstv0.19.0/build/include/monte_carlo/include/constrain_num_particles.h
-- Installing: /home/hwh/dorms/software/feasstv0.19.0/build/include/monte_carlo/include/constraint.h
-- Installing: /home/hwh/dorms/software/feasstv0.19.0/build/include/monte_carlo/include/criteria.h
-- Installing: /home/hwh/dorms/software/feasstv0.19.0/build/include/monte_carlo/include/metropolis.h
-- Installing: /home/hwh/dorms/software/feasstv0.19.0/build/include/monte_carlo/include/modify.h
-- Installing: /home/hwh/dorms/software/feasstv0.19.0/build/include/monte_carlo/include/modify_factory.h
-- Installing: /home/hwh/dorms/software/feasstv0.19.0/build/include/monte_carlo/include/monte_carlo.h
-- Installing: /home/hwh/dorms/software/feasstv0.19.0/build/include/monte_carlo/include/perturb.h
-- Installing: /home/hwh/dorms/software/feasstv0.19.0/build/include/monte_carlo/include/perturb_add.h
-- Installing: /home/hwh/dorms/software/feasstv0.19.0/build/include/monte_carlo/include/perturb_anywhere.h
-- Installing: /home/hwh/dorms/software/feasstv0.19.0/build/include/monte_carlo/include/perturb_dihedral.h
-- Installing: /home/hwh/dorms/software/feasstv0.19.0/build/include/monte_carlo/include/perturb_distance.h
-- Installing: /home/hwh/dorms/software/feasstv0.19.0/build/include/monte_carlo/include/perturb_distance_angle.h
-- Installing: /home/hwh/dorms/software/feasstv0.19.0/build/include/monte_carlo/include/perturb_move.h
-- Installing: /home/hwh/dorms/software/feasstv0.19.0/build/include/monte_carlo/include/perturb_remove.h
-- Installing: /home/hwh/dorms/software/feasstv0.19.0/build/include/monte_carlo/include/perturb_rotate.h
-- Installing: /home/hwh/dorms/software/feasstv0.19.0/build/include/monte_carlo/include/perturb_to_anchor.h
-- Installing: /home/hwh/dorms/software/feasstv0.19.0/build/include/monte_carlo/include/perturb_translate.h
-- Installing: /home/hwh/dorms/software/feasstv0.19.0/build/include/monte_carlo/include/perturb_volume.h
-- Installing: /home/hwh/dorms/software/feasstv0.19.0/build/include/monte_carlo/include/rosenbluth.h
-- Installing: /home/hwh/dorms/software/feasstv0.19.0/build/include/monte_carlo/include/run.h
-- Installing: /home/hwh/dorms/software/feasstv0.19.0/build/include/monte_carlo/include/seek_num_particles.h
-- Installing: /home/hwh/dorms/software/feasstv0.19.0/build/include/monte_carlo/include/stepper.h
-- Installing: /home/hwh/dorms/software/feasstv0.19.0/build/include/monte_carlo/include/trial.h
-- Installing: /home/hwh/dorms/software/feasstv0.19.0/build/include/monte_carlo/include/trial_add.h
-- Installing: /home/hwh/dorms/software/feasstv0.19.0/build/include/monte_carlo/include/trial_compute.h
-- Installing: /home/hwh/dorms/software/feasstv0.19.0/build/include/monte_carlo/include/trial_compute_add.h
-- Installing: /home/hwh/dorms/software/feasstv0.19.0/build/include/monte_carlo/include/trial_compute_move.h
-- Installing: /home/hwh/dorms/software/feasstv0.19.0/build/include/monte_carlo/include/trial_compute_remove.h
-- Installing: /home/hwh/dorms/software/feasstv0.19.0/build/include/monte_carlo/include/trial_compute_translate.h
-- Installing: /home/hwh/dorms/software/feasstv0.19.0/build/include/monte_carlo/include/trial_compute_volume.h
-- Installing: /home/hwh/dorms/software/feasstv0.19.0/build/include/monte_carlo/include/trial_factory.h
-- Installing: /home/hwh/dorms/software/feasstv0.19.0/build/include/monte_carlo/include/trial_move.h
-- Installing: /home/hwh/dorms/software/feasstv0.19.0/build/include/monte_carlo/include/trial_remove.h
-- Installing: /home/hwh/dorms/software/feasstv0.19.0/build/include/monte_carlo/include/trial_rotate.h
-- Installing: /home/hwh/dorms/software/feasstv0.19.0/build/include/monte_carlo/include/trial_select.h
-- Installing: /home/hwh/dorms/software/feasstv0.19.0/build/include/monte_carlo/include/trial_select_angle.h
-- Installing: /home/hwh/dorms/software/feasstv0.19.0/build/include/monte_carlo/include/trial_select_bond.h
-- Installing: /home/hwh/dorms/software/feasstv0.19.0/build/include/monte_carlo/include/trial_select_dihedral.h
-- Installing: /home/hwh/dorms/software/feasstv0.19.0/build/include/monte_carlo/include/trial_select_particle.h
-- Installing: /home/hwh/dorms/software/feasstv0.19.0/build/include/monte_carlo/include/trial_stage.h
-- Installing: /home/hwh/dorms/software/feasstv0.19.0/build/include/monte_carlo/include/trial_transfer.h
-- Installing: /home/hwh/dorms/software/feasstv0.19.0/build/include/monte_carlo/include/trial_translate.h
-- Installing: /home/hwh/dorms/software/feasstv0.19.0/build/include/monte_carlo/include/trial_volume.h
-- Installing: /home/hwh/dorms/software/feasstv0.19.0/build/include/monte_carlo/include/tunable.h
-- Installing: /home/hwh/dorms/software/feasstv0.19.0/build/include/models/include/angle_harmonic.h
-- Installing: /home/hwh/dorms/software/feasstv0.19.0/build/include/models/include/bond_harmonic.h
-- Installing: /home/hwh/dorms/software/feasstv0.19.0/build/include/models/include/dihedral_harmonic.h
-- Installing: /home/hwh/dorms/software/feasstv0.19.0/build/include/models/include/dihedral_trappe.h
-- Installing: /home/hwh/dorms/software/feasstv0.19.0/build/include/models/include/fene.h
-- Installing: /home/hwh/dorms/software/feasstv0.19.0/build/include/models/include/lennard_jones_alpha.h
-- Installing: /home/hwh/dorms/software/feasstv0.19.0/build/include/models/include/lennard_jones_cut_shift.h
-- Installing: /home/hwh/dorms/software/feasstv0.19.0/build/include/models/include/lennard_jones_force_shift.h
-- Installing: /home/hwh/dorms/software/feasstv0.19.0/build/include/models/include/mie.h
-- Installing: /home/hwh/dorms/software/feasstv0.19.0/build/include/models/include/square_well.h
-- Installing: /home/hwh/dorms/software/feasstv0.19.0/build/include/models/include/yukawa.h
-- Installing: /home/hwh/dorms/software/feasstv0.19.0/build/include/mayer/include/mayer_sampling.h
-- Installing: /home/hwh/dorms/software/feasstv0.19.0/build/include/patch/include/file_xyz_patch.h
-- Installing: /home/hwh/dorms/software/feasstv0.19.0/build/include/patch/include/movie_patch.h
-- Installing: /home/hwh/dorms/software/feasstv0.19.0/build/include/patch/include/patch_angle.h
-- Installing: /home/hwh/dorms/software/feasstv0.19.0/build/include/patch/include/visit_model_inner_patch.h
-- Installing: /home/hwh/dorms/software/feasstv0.19.0/build/include/example/include/model_example.h
-- Installing: /home/hwh/dorms/software/feasstv0.19.0/build/include/shape/include/cuboid.h
-- Installing: /home/hwh/dorms/software/feasstv0.19.0/build/include/shape/include/cylinder.h
-- Installing: /home/hwh/dorms/software/feasstv0.19.0/build/include/shape/include/finite_cylinder.h
-- Installing: /home/hwh/dorms/software/feasstv0.19.0/build/include/shape/include/formula_sine_wave.h
-- Installing: /home/hwh/dorms/software/feasstv0.19.0/build/include/shape/include/half_space.h
-- Installing: /home/hwh/dorms/software/feasstv0.19.0/build/include/shape/include/half_space_sine.h
-- Installing: /home/hwh/dorms/software/feasstv0.19.0/build/include/shape/include/half_space_tilted.h
-- Installing: /home/hwh/dorms/software/feasstv0.19.0/build/include/shape/include/shape.h
-- Installing: /home/hwh/dorms/software/feasstv0.19.0/build/include/shape/include/shape_intersect.h
-- Installing: /home/hwh/dorms/software/feasstv0.19.0/build/include/shape/include/shape_union.h
-- Installing: /home/hwh/dorms/software/feasstv0.19.0/build/include/shape/include/slab.h
-- Installing: /home/hwh/dorms/software/feasstv0.19.0/build/include/shape/include/slab_sine.h
-- Installing: /home/hwh/dorms/software/feasstv0.19.0/build/include/shape/include/sphere.h
-- Installing: /home/hwh/dorms/software/feasstv0.19.0/build/include/confinement/include/always_reject.h
-- Installing: /home/hwh/dorms/software/feasstv0.19.0/build/include/confinement/include/background.h
-- Installing: /home/hwh/dorms/software/feasstv0.19.0/build/include/confinement/include/henry_coefficient.h
-- Installing: /home/hwh/dorms/software/feasstv0.19.0/build/include/confinement/include/model_hard_shape.h
-- Installing: /home/hwh/dorms/software/feasstv0.19.0/build/include/confinement/include/model_lj_shape.h
-- Installing: /home/hwh/dorms/software/feasstv0.19.0/build/include/confinement/include/model_square_well_shape.h
-- Installing: /home/hwh/dorms/software/feasstv0.19.0/build/include/confinement/include/model_table_cartesian.h
-- Installing: /home/hwh/dorms/software/feasstv0.19.0/build/include/confinement/include/trial_anywhere.h
-- Installing: /home/hwh/dorms/software/feasstv0.19.0/build/include/chain/include/analyze_bonds.h
-- Installing: /home/hwh/dorms/software/feasstv0.19.0/build/include/chain/include/perturb_branch.h
-- Installing: /home/hwh/dorms/software/feasstv0.19.0/build/include/chain/include/perturb_crankshaft.h
-- Installing: /home/hwh/dorms/software/feasstv0.19.0/build/include/chain/include/perturb_pivot.h
-- Installing: /home/hwh/dorms/software/feasstv0.19.0/build/include/chain/include/perturb_reptate.h
-- Installing: /home/hwh/dorms/software/feasstv0.19.0/build/include/chain/include/perturb_site_type.h
-- Installing: /home/hwh/dorms/software/feasstv0.19.0/build/include/chain/include/select_branch.h
-- Installing: /home/hwh/dorms/software/feasstv0.19.0/build/include/chain/include/select_end_segment.h
-- Installing: /home/hwh/dorms/software/feasstv0.19.0/build/include/chain/include/select_perturbed.h
-- Installing: /home/hwh/dorms/software/feasstv0.19.0/build/include/chain/include/select_reptate.h
-- Installing: /home/hwh/dorms/software/feasstv0.19.0/build/include/chain/include/select_segment.h
-- Installing: /home/hwh/dorms/software/feasstv0.19.0/build/include/chain/include/select_site_of_type.h
-- Installing: /home/hwh/dorms/software/feasstv0.19.0/build/include/chain/include/trial_crankshaft.h
-- Installing: /home/hwh/dorms/software/feasstv0.19.0/build/include/chain/include/trial_grow.h
-- Installing: /home/hwh/dorms/software/feasstv0.19.0/build/include/chain/include/trial_grow_linear.h
-- Installing: /home/hwh/dorms/software/feasstv0.19.0/build/include/chain/include/trial_pivot.h
-- Installing: /home/hwh/dorms/software/feasstv0.19.0/build/include/chain/include/trial_reptate.h
-- Installing: /home/hwh/dorms/software/feasstv0.19.0/build/include/chain/include/trial_swap_sites.h
-- Installing: /home/hwh/dorms/software/feasstv0.19.0/build/include/flat_histogram/include/bias.h
-- Installing: /home/hwh/dorms/software/feasstv0.19.0/build/include/flat_histogram/include/clones.h
-- Installing: /home/hwh/dorms/software/feasstv0.19.0/build/include/flat_histogram/include/collection_matrix.h
-- Installing: /home/hwh/dorms/software/feasstv0.19.0/build/include/flat_histogram/include/ensemble.h
-- Installing: /home/hwh/dorms/software/feasstv0.19.0/build/include/flat_histogram/include/flat_histogram.h
-- Installing: /home/hwh/dorms/software/feasstv0.19.0/build/include/flat_histogram/include/ln_probability.h
-- Installing: /home/hwh/dorms/software/feasstv0.19.0/build/include/flat_histogram/include/macrostate.h
-- Installing: /home/hwh/dorms/software/feasstv0.19.0/build/include/flat_histogram/include/macrostate_energy.h
-- Installing: /home/hwh/dorms/software/feasstv0.19.0/build/include/flat_histogram/include/macrostate_num_particles.h
-- Installing: /home/hwh/dorms/software/feasstv0.19.0/build/include/flat_histogram/include/transition_matrix.h
-- Installing: /home/hwh/dorms/software/feasstv0.19.0/build/include/flat_histogram/include/wang_landau.h
-- Installing: /home/hwh/dorms/software/feasstv0.19.0/build/include/flat_histogram/include/window.h
-- Installing: /home/hwh/dorms/software/feasstv0.19.0/build/include/flat_histogram/include/window_custom.h
-- Installing: /home/hwh/dorms/software/feasstv0.19.0/build/include/flat_histogram/include/window_exponential.h
-- Installing: /home/hwh/dorms/software/feasstv0.19.0/build/include/flat_histogram/include/wltm.h
-- Installing: /home/hwh/dorms/software/feasstv0.19.0/build/include/charge/include/charge_screened.h
-- Installing: /home/hwh/dorms/software/feasstv0.19.0/build/include/charge/include/charge_screened_intra.h
-- Installing: /home/hwh/dorms/software/feasstv0.19.0/build/include/charge/include/charge_self.h
-- Installing: /home/hwh/dorms/software/feasstv0.19.0/build/include/charge/include/check_net_charge.h
-- Installing: /home/hwh/dorms/software/feasstv0.19.0/build/include/charge/include/compute_add_multiple.h
-- Installing: /home/hwh/dorms/software/feasstv0.19.0/build/include/charge/include/compute_remove_multiple.h
-- Installing: /home/hwh/dorms/software/feasstv0.19.0/build/include/charge/include/coulomb.h
-- Installing: /home/hwh/dorms/software/feasstv0.19.0/build/include/charge/include/electric_field.h
-- Installing: /home/hwh/dorms/software/feasstv0.19.0/build/include/charge/include/ewald.h
-- Installing: /home/hwh/dorms/software/feasstv0.19.0/build/include/charge/include/slab_correction.h
-- Installing: /home/hwh/dorms/software/feasstv0.19.0/build/include/charge/include/trial_add_multiple.h
-- Installing: /home/hwh/dorms/software/feasstv0.19.0/build/include/charge/include/trial_remove_multiple.h
-- Installing: /home/hwh/dorms/software/feasstv0.19.0/build/include/charge/include/trial_transfer_multiple.h
-- Installing: /home/hwh/dorms/software/feasstv0.19.0/build/include/charge/include/utils.h
-- Installing: /home/hwh/dorms/software/feasstv0.19.0/build/include/morph/include/compute_morph.h
-- Installing: /home/hwh/dorms/software/feasstv0.19.0/build/include/morph/include/macrostate_morph.h
-- Installing: /home/hwh/dorms/software/feasstv0.19.0/build/include/morph/include/perturb_particle_type.h
-- Installing: /home/hwh/dorms/software/feasstv0.19.0/build/include/morph/include/trial_morph.h
-- Installing: /home/hwh/dorms/software/feasstv0.19.0/build/include/morph/include/trial_morph_expanded.h
-- Installing: /home/hwh/dorms/software/feasstv0.19.0/build/include/cluster/include/compute_add_avb.h
-- Installing: /home/hwh/dorms/software/feasstv0.19.0/build/include/cluster/include/compute_add_avb_divalent.h
-- Installing: /home/hwh/dorms/software/feasstv0.19.0/build/include/cluster/include/compute_avb2.h
-- Installing: /home/hwh/dorms/software/feasstv0.19.0/build/include/cluster/include/compute_avb4.h
-- Installing: /home/hwh/dorms/software/feasstv0.19.0/build/include/cluster/include/compute_gca.h
-- Installing: /home/hwh/dorms/software/feasstv0.19.0/build/include/cluster/include/compute_move_cluster.h
-- Installing: /home/hwh/dorms/software/feasstv0.19.0/build/include/cluster/include/compute_remove_avb.h
-- Installing: /home/hwh/dorms/software/feasstv0.19.0/build/include/cluster/include/compute_remove_avb_divalent.h
-- Installing: /home/hwh/dorms/software/feasstv0.19.0/build/include/cluster/include/energy_map_all.h
-- Installing: /home/hwh/dorms/software/feasstv0.19.0/build/include/cluster/include/energy_map_all_criteria.h
-- Installing: /home/hwh/dorms/software/feasstv0.19.0/build/include/cluster/include/energy_map_neighbor.h
-- Installing: /home/hwh/dorms/software/feasstv0.19.0/build/include/cluster/include/energy_map_neighbor_criteria.h
-- Installing: /home/hwh/dorms/software/feasstv0.19.0/build/include/cluster/include/perturb_add_avb.h
-- Installing: /home/hwh/dorms/software/feasstv0.19.0/build/include/cluster/include/perturb_move_avb.h
-- Installing: /home/hwh/dorms/software/feasstv0.19.0/build/include/cluster/include/perturb_point_reflect.h
-- Installing: /home/hwh/dorms/software/feasstv0.19.0/build/include/cluster/include/perturb_rotate_com.h
-- Installing: /home/hwh/dorms/software/feasstv0.19.0/build/include/cluster/include/select_cluster.h
-- Installing: /home/hwh/dorms/software/feasstv0.19.0/build/include/cluster/include/select_particle_avb.h
-- Installing: /home/hwh/dorms/software/feasstv0.19.0/build/include/cluster/include/select_particle_avb_divalent.h
-- Installing: /home/hwh/dorms/software/feasstv0.19.0/build/include/cluster/include/trial_avb2.h
-- Installing: /home/hwh/dorms/software/feasstv0.19.0/build/include/cluster/include/trial_avb4.h
-- Installing: /home/hwh/dorms/software/feasstv0.19.0/build/include/cluster/include/trial_rigid_cluster.h
-- Installing: /home/hwh/dorms/software/feasstv0.19.0/build/include/cluster/include/trial_transfer_avb.h
-- Installing: /home/hwh/dorms/software/feasstv0.19.0/build/include/cluster/include/trial_transfer_avb_divalent.h
-- Installing: /home/hwh/dorms/software/feasstv0.19.0/build/include/prefetch/include/prefetch.h
-- Installing: /home/hwh/dorms/software/feasstv0.19.0/build/include/egce/include/a_equal_b.h
-- Installing: /home/hwh/dorms/software/feasstv0.19.0/build/include/egce/include/a_half_b.h
-- Installing: /home/hwh/dorms/software/feasstv0.19.0/build/include/beta_expanded/include/compute_beta.h
-- Installing: /home/hwh/dorms/software/feasstv0.19.0/build/include/beta_expanded/include/macrostate_beta.h
-- Installing: /home/hwh/dorms/software/feasstv0.19.0/build/include/beta_expanded/include/perturb_beta.h
-- Installing: /home/hwh/dorms/software/feasstv0.19.0/build/include/beta_expanded/include/select_nothing.h
-- Installing: /home/hwh/dorms/software/feasstv0.19.0/build/include/beta_expanded/include/trial_beta.h
-- Installing: /home/hwh/dorms/software/feasstv0.19.0/build/lib/libfeasstthreads.so
-- Installing: /home/hwh/dorms/software/feasstv0.19.0/build/lib/libfeasstutils.so
-- Set runtime path of "/home/hwh/dorms/software/feasstv0.19.0/build/lib/libfeasstutils.so" to ""
-- Installing: /home/hwh/dorms/software/feasstv0.19.0/build/lib/libfeasstmath.so
-- Set runtime path of "/home/hwh/dorms/software/feasstv0.19.0/build/lib/libfeasstmath.so" to ""
-- Installing: /home/hwh/dorms/software/feasstv0.19.0/build/lib/libfeasstconfiguration.so
-- Set runtime path of "/home/hwh/dorms/software/feasstv0.19.0/build/lib/libfeasstconfiguration.so" to ""
-- Installing: /home/hwh/dorms/software/feasstv0.19.0/build/lib/libfeasstsystem.so
-- Set runtime path of "/home/hwh/dorms/software/feasstv0.19.0/build/lib/libfeasstsystem.so" to ""
-- Installing: /home/hwh/dorms/software/feasstv0.19.0/build/lib/libfeasstopt_lj.so
-- Set runtime path of "/home/hwh/dorms/software/feasstv0.19.0/build/lib/libfeasstopt_lj.so" to ""
-- Installing: /home/hwh/dorms/software/feasstv0.19.0/build/lib/libfeasststeppers.so
-- Set runtime path of "/home/hwh/dorms/software/feasstv0.19.0/build/lib/libfeasststeppers.so" to ""
-- Installing: /home/hwh/dorms/software/feasstv0.19.0/build/lib/libfeasstmonte_carlo.so
-- Set runtime path of "/home/hwh/dorms/software/feasstv0.19.0/build/lib/libfeasstmonte_carlo.so" to ""
-- Installing: /home/hwh/dorms/software/feasstv0.19.0/build/lib/libfeasstmodels.so
-- Set runtime path of "/home/hwh/dorms/software/feasstv0.19.0/build/lib/libfeasstmodels.so" to ""
-- Installing: /home/hwh/dorms/software/feasstv0.19.0/build/lib/libfeasstmayer.so
-- Set runtime path of "/home/hwh/dorms/software/feasstv0.19.0/build/lib/libfeasstmayer.so" to ""
-- Installing: /home/hwh/dorms/software/feasstv0.19.0/build/lib/libfeasstpatch.so
-- Set runtime path of "/home/hwh/dorms/software/feasstv0.19.0/build/lib/libfeasstpatch.so" to ""
-- Installing: /home/hwh/dorms/software/feasstv0.19.0/build/lib/libfeasstexample.so
-- Set runtime path of "/home/hwh/dorms/software/feasstv0.19.0/build/lib/libfeasstexample.so" to ""
-- Installing: /home/hwh/dorms/software/feasstv0.19.0/build/lib/libfeasstshape.so
-- Set runtime path of "/home/hwh/dorms/software/feasstv0.19.0/build/lib/libfeasstshape.so" to ""
-- Installing: /home/hwh/dorms/software/feasstv0.19.0/build/lib/libfeasstconfinement.so
-- Set runtime path of "/home/hwh/dorms/software/feasstv0.19.0/build/lib/libfeasstconfinement.so" to ""
-- Installing: /home/hwh/dorms/software/feasstv0.19.0/build/lib/libfeasstchain.so
-- Set runtime path of "/home/hwh/dorms/software/feasstv0.19.0/build/lib/libfeasstchain.so" to ""
-- Installing: /home/hwh/dorms/software/feasstv0.19.0/build/lib/libfeasstflat_histogram.so
-- Set runtime path of "/home/hwh/dorms/software/feasstv0.19.0/build/lib/libfeasstflat_histogram.so" to ""
-- Installing: /home/hwh/dorms/software/feasstv0.19.0/build/lib/libfeasstcharge.so
-- Set runtime path of "/home/hwh/dorms/software/feasstv0.19.0/build/lib/libfeasstcharge.so" to ""
-- Installing: /home/hwh/dorms/software/feasstv0.19.0/build/lib/libfeasstmorph.so
-- Set runtime path of "/home/hwh/dorms/software/feasstv0.19.0/build/lib/libfeasstmorph.so" to ""
-- Installing: /home/hwh/dorms/software/feasstv0.19.0/build/lib/libfeasstcluster.so
-- Set runtime path of "/home/hwh/dorms/software/feasstv0.19.0/build/lib/libfeasstcluster.so" to ""
-- Installing: /home/hwh/dorms/software/feasstv0.19.0/build/lib/libfeasstprefetch.so
-- Set runtime path of "/home/hwh/dorms/software/feasstv0.19.0/build/lib/libfeasstprefetch.so" to ""
-- Installing: /home/hwh/dorms/software/feasstv0.19.0/build/lib/libfeasstegce.so
-- Set runtime path of "/home/hwh/dorms/software/feasstv0.19.0/build/lib/libfeasstegce.so" to ""
-- Installing: /home/hwh/dorms/software/feasstv0.19.0/build/lib/libfeasstbeta_expanded.so
-- Set runtime path of "/home/hwh/dorms/software/feasstv0.19.0/build/lib/libfeasstbeta_expanded.so" to ""
-- Installing: /home/hwh/dorms/software/feasstv0.19.0/build/lib/cmake/feasst/feasst-config.cmake
-- Installing: /home/hwh/dorms/software/feasstv0.19.0/build/lib/cmake/feasst/feasst-config-noconfig.cmake
-- Installing: /home/hwh/dorms/software/feasstv0.19.0/build/include/feasst.h
~/dorms/software/feasstv0.19.0 ~/dorms/software
~/dorms/software
